* Lab 1
** Excercise 7
[   0:7c2a] => 0x7c2a:	mov    %eax,%cr0
0x00007c2a in ?? ()
(gdb) x/8x 0x00100000
0x100000:	0x00000000	0x00000000	0x00000000	0x00000000
0x100010:	0x00000000	0x00000000	0x00000000	0x00000000
(gdb) x/8x 0xf0100000
0xf0100000 <_start+4026531828>:	0x00000000	0x00000000	0x00000000	0x00000000
0xf0100010 <entry+4>:	0x00000000	0x00000000	0x00000000	0x00000000
(gdb) si
[   0:7c2d] => 0x7c2d:	ljmp   $0xb866,$0x87c32
0x00007c2d in ?? ()
(gdb) x/8x 0x00100000
0x100000:	0x00000000	0x00000000	0x00000000	0x00000000
0x100010:	0x00000000	0x00000000	0x00000000	0x00000000
(gdb) x/8x 0xf0100000
0xf0100000 <_start+4026531828>:	0x00000000	0x00000000	0x00000000	0x00000000
0xf0100010 <entry+4>:	0x00000000	0x00000000	0x00000000	0x00000000
